<?xml version="1.0" encoding="UTF-8"?>
<!-- Generated by org.testng.reporters.JUnitXMLReporter -->
<testsuite hostname="SANMALLI-FQ0JE" ignored="0" name="RetryMulitpleFailedTestCases" tests="3" failures="0" timestamp="25 Oct 2018 11:07:57 GMT" time="0.07" errors="0">
  <testcase name="Test1" time="0.015" classname="mytests.MyTests"/>
  <testcase name="Test2" time="0.002" classname="mytests.MyTests"/>
  <testcase name="Test3" time="0.006" classname="mytests.MyTests"/>
</testsuite> <!-- RetryMulitpleFailedTestCases -->
